2023-01-21 09:42:05.109 INFO Logger setup in Server Handler
2023-01-21 09:42:05.138 INFO Attempting Socket Connection to Host 192.168.1.21 using IP /192.168.1.21 Port 52000
2023-01-21 09:42:05.172 ERROR Connection Exception thrown when creating Socket to Server
java.net.ConnectException: Connection refused (Connection refused)
	at java.net.PlainSocketImpl.socketConnect(Native Method) ~[?:1.8.0_251]
	at java.net.AbstractPlainSocketImpl.doConnect(AbstractPlainSocketImpl.java:350) ~[?:1.8.0_251]
	at java.net.AbstractPlainSocketImpl.connectToAddress(AbstractPlainSocketImpl.java:206) ~[?:1.8.0_251]
	at java.net.AbstractPlainSocketImpl.connect(AbstractPlainSocketImpl.java:188) ~[?:1.8.0_251]
	at java.net.SocksSocketImpl.connect(SocksSocketImpl.java:392) ~[?:1.8.0_251]
	at java.net.Socket.connect(Socket.java:606) ~[?:1.8.0_251]
	at cards.network.ServerHandler.establishSocketConnection(ServerHandler.java:79) ~[classes/:?]
	at cards.network.ServerHandler.<init>(ServerHandler.java:55) ~[classes/:?]
	at cards.network.ChatServerHandler.<init>(ChatServerHandler.java:12) ~[classes/:?]
	at cards.network.JGameClient.connectToServer(JGameClient.java:547) ~[classes/:?]
	at cards.network.JGameClient.connect(JGameClient.java:576) ~[classes/:?]
	at cards.network.JGameClient.setupNewPlayer(JGameClient.java:151) ~[classes/:?]
	at cards.network.JGameClient.access$1(JGameClient.java:145) ~[classes/:?]
	at cards.network.JGameClient$1.actionPerformed(JGameClient.java:165) ~[classes/:?]
	at javax.swing.AbstractButton.fireActionPerformed(AbstractButton.java:2022) ~[?:1.8.0_251]
	at javax.swing.AbstractButton$Handler.actionPerformed(AbstractButton.java:2348) ~[?:1.8.0_251]
	at javax.swing.DefaultButtonModel.fireActionPerformed(DefaultButtonModel.java:402) ~[?:1.8.0_251]
	at javax.swing.DefaultButtonModel.setPressed(DefaultButtonModel.java:259) ~[?:1.8.0_251]
	at javax.swing.plaf.basic.BasicButtonListener.mouseReleased(BasicButtonListener.java:252) ~[?:1.8.0_251]
	at java.awt.AWTEventMulticaster.mouseReleased(AWTEventMulticaster.java:289) ~[?:1.8.0_251]
	at java.awt.Component.processMouseEvent(Component.java:6539) ~[?:1.8.0_251]
	at javax.swing.JComponent.processMouseEvent(JComponent.java:3324) ~[?:1.8.0_251]
	at java.awt.Component.processEvent(Component.java:6304) ~[?:1.8.0_251]
	at java.awt.Container.processEvent(Container.java:2239) ~[?:1.8.0_251]
	at java.awt.Component.dispatchEventImpl(Component.java:4889) ~[?:1.8.0_251]
	at java.awt.Container.dispatchEventImpl(Container.java:2297) ~[?:1.8.0_251]
	at java.awt.Component.dispatchEvent(Component.java:4711) ~[?:1.8.0_251]
	at java.awt.LightweightDispatcher.retargetMouseEvent(Container.java:4904) ~[?:1.8.0_251]
	at java.awt.LightweightDispatcher.processMouseEvent(Container.java:4535) ~[?:1.8.0_251]
	at java.awt.LightweightDispatcher.dispatchEvent(Container.java:4476) ~[?:1.8.0_251]
	at java.awt.Container.dispatchEventImpl(Container.java:2283) ~[?:1.8.0_251]
	at java.awt.Window.dispatchEventImpl(Window.java:2746) ~[?:1.8.0_251]
	at java.awt.Component.dispatchEvent(Component.java:4711) ~[?:1.8.0_251]
	at java.awt.EventQueue.dispatchEventImpl(EventQueue.java:760) ~[?:1.8.0_251]
	at java.awt.EventQueue.access$500(EventQueue.java:97) ~[?:1.8.0_251]
	at java.awt.EventQueue$3.run(EventQueue.java:709) ~[?:1.8.0_251]
	at java.awt.EventQueue$3.run(EventQueue.java:703) ~[?:1.8.0_251]
	at java.security.AccessController.doPrivileged(Native Method) ~[?:1.8.0_251]
	at java.security.ProtectionDomain$JavaSecurityAccessImpl.doIntersectionPrivilege(ProtectionDomain.java:74) ~[?:1.8.0_251]
	at java.security.ProtectionDomain$JavaSecurityAccessImpl.doIntersectionPrivilege(ProtectionDomain.java:84) ~[?:1.8.0_251]
	at java.awt.EventQueue$4.run(EventQueue.java:733) ~[?:1.8.0_251]
	at java.awt.EventQueue$4.run(EventQueue.java:731) ~[?:1.8.0_251]
	at java.security.AccessController.doPrivileged(Native Method) ~[?:1.8.0_251]
	at java.security.ProtectionDomain$JavaSecurityAccessImpl.doIntersectionPrivilege(ProtectionDomain.java:74) ~[?:1.8.0_251]
	at java.awt.EventQueue.dispatchEvent(EventQueue.java:730) ~[?:1.8.0_251]
	at java.awt.EventDispatchThread.pumpOneEventForFilters(EventDispatchThread.java:205) ~[?:1.8.0_251]
	at java.awt.EventDispatchThread.pumpEventsForFilter(EventDispatchThread.java:116) ~[?:1.8.0_251]
	at java.awt.EventDispatchThread.pumpEventsForHierarchy(EventDispatchThread.java:105) ~[?:1.8.0_251]
	at java.awt.EventDispatchThread.pumpEvents(EventDispatchThread.java:101) ~[?:1.8.0_251]
	at java.awt.EventDispatchThread.pumpEvents(EventDispatchThread.java:93) ~[?:1.8.0_251]
	at java.awt.EventDispatchThread.run(EventDispatchThread.java:82) ~[?:1.8.0_251]
2023-01-21 09:43:00.099 INFO Logger setup in Server Handler
2023-01-21 09:43:00.102 INFO Attempting Socket Connection to Host 192.168.1.21 using IP /192.168.1.21 Port 52000
2023-01-21 09:43:00.114 INFO Socket Connection Established
2023-01-21 09:43:00.115 INFO Attempting to setup Buffered Reader
2023-01-21 09:43:00.117 INFO Successful Buffered Reader
2023-01-21 09:43:00.117 INFO Attempting to setup Print Writer
2023-01-21 09:43:00.120 INFO Successful Print Writer
2023-01-21 09:43:21.692 INFO Logger setup in Server Handler
2023-01-21 09:43:21.695 INFO Attempting Socket Connection to Host 192.168.1.21 using IP /192.168.1.21 Port 52000
2023-01-21 09:43:21.706 INFO Socket Connection Established
2023-01-21 09:43:21.707 INFO Attempting to setup Buffered Reader
2023-01-21 09:43:21.709 INFO Successful Buffered Reader
2023-01-21 09:43:21.709 INFO Attempting to setup Print Writer
2023-01-21 09:43:21.710 INFO Successful Print Writer
2023-01-21 09:44:05.623 INFO Logger setup in Server Handler
2023-01-21 09:44:05.644 INFO Attempting Socket Connection to Host 192.168.1.21 using IP /192.168.1.21 Port 52000
2023-01-21 09:44:05.657 INFO Socket Connection Established
2023-01-21 09:44:05.658 INFO Attempting to setup Buffered Reader
2023-01-21 09:44:05.659 INFO Successful Buffered Reader
2023-01-21 09:44:05.659 INFO Attempting to setup Print Writer
2023-01-21 09:44:05.661 INFO Successful Print Writer
2023-01-21 09:44:19.271 INFO Logger setup in Server Handler
2023-01-21 09:44:19.276 INFO Attempting Socket Connection to Host 192.168.1.21 using IP /192.168.1.21 Port 52000
2023-01-21 09:44:19.288 INFO Socket Connection Established
2023-01-21 09:44:19.289 INFO Attempting to setup Buffered Reader
2023-01-21 09:44:19.290 INFO Successful Buffered Reader
2023-01-21 09:44:19.290 INFO Attempting to setup Print Writer
2023-01-21 09:44:19.292 INFO Successful Print Writer
2023-01-22 15:54:38.586 INFO Logger setup in Server Handler
2023-01-22 15:54:38.603 INFO Attempting Socket Connection to Host 192.168.1.21 using IP /192.168.1.21 Port 52000
2023-01-22 15:54:38.615 INFO Socket Connection Established
2023-01-22 15:54:38.616 INFO Attempting to setup Buffered Reader
2023-01-22 15:54:38.618 INFO Successful Buffered Reader
2023-01-22 15:54:38.618 INFO Attempting to setup Print Writer
2023-01-22 15:54:38.619 INFO Successful Print Writer
2023-01-22 15:55:08.823 INFO Logger setup in Server Handler
2023-01-22 15:55:08.827 INFO Attempting Socket Connection to Host 192.168.1.21 using IP /192.168.1.21 Port 52000
2023-01-22 15:55:08.838 INFO Socket Connection Established
2023-01-22 15:55:08.839 INFO Attempting to setup Buffered Reader
2023-01-22 15:55:08.841 INFO Successful Buffered Reader
2023-01-22 15:55:08.841 INFO Attempting to setup Print Writer
2023-01-22 15:55:08.842 INFO Successful Print Writer
2023-01-22 15:57:50.747 INFO Logger setup in Server Handler
2023-01-22 15:57:50.750 INFO Attempting Socket Connection to Host 108.31.172.56 using IP /108.31.172.56 Port 52000
2023-01-22 15:57:50.770 ERROR Connection Exception thrown when creating Socket to Server
java.net.ConnectException: Connection refused (Connection refused)
	at java.net.PlainSocketImpl.socketConnect(Native Method) ~[?:1.8.0_251]
	at java.net.AbstractPlainSocketImpl.doConnect(AbstractPlainSocketImpl.java:350) ~[?:1.8.0_251]
	at java.net.AbstractPlainSocketImpl.connectToAddress(AbstractPlainSocketImpl.java:206) ~[?:1.8.0_251]
	at java.net.AbstractPlainSocketImpl.connect(AbstractPlainSocketImpl.java:188) ~[?:1.8.0_251]
	at java.net.SocksSocketImpl.connect(SocksSocketImpl.java:392) ~[?:1.8.0_251]
	at java.net.Socket.connect(Socket.java:606) ~[?:1.8.0_251]
	at cards.network.ServerHandler.establishSocketConnection(ServerHandler.java:79) ~[classes/:?]
	at cards.network.ServerHandler.<init>(ServerHandler.java:55) ~[classes/:?]
	at cards.network.ChatServerHandler.<init>(ChatServerHandler.java:12) ~[classes/:?]
	at cards.network.JGameClient.connectToServer(JGameClient.java:547) ~[classes/:?]
	at cards.network.JGameClient.connect(JGameClient.java:576) ~[classes/:?]
	at cards.network.JGameClient.setupNewPlayer(JGameClient.java:151) ~[classes/:?]
	at cards.network.JGameClient.access$1(JGameClient.java:145) ~[classes/:?]
	at cards.network.JGameClient$1.actionPerformed(JGameClient.java:165) ~[classes/:?]
	at javax.swing.AbstractButton.fireActionPerformed(AbstractButton.java:2022) ~[?:1.8.0_251]
	at javax.swing.AbstractButton$Handler.actionPerformed(AbstractButton.java:2348) ~[?:1.8.0_251]
	at javax.swing.DefaultButtonModel.fireActionPerformed(DefaultButtonModel.java:402) ~[?:1.8.0_251]
	at javax.swing.DefaultButtonModel.setPressed(DefaultButtonModel.java:259) ~[?:1.8.0_251]
	at javax.swing.plaf.basic.BasicButtonListener.mouseReleased(BasicButtonListener.java:252) ~[?:1.8.0_251]
	at java.awt.AWTEventMulticaster.mouseReleased(AWTEventMulticaster.java:289) ~[?:1.8.0_251]
	at java.awt.Component.processMouseEvent(Component.java:6539) ~[?:1.8.0_251]
	at javax.swing.JComponent.processMouseEvent(JComponent.java:3324) ~[?:1.8.0_251]
	at java.awt.Component.processEvent(Component.java:6304) ~[?:1.8.0_251]
	at java.awt.Container.processEvent(Container.java:2239) ~[?:1.8.0_251]
	at java.awt.Component.dispatchEventImpl(Component.java:4889) ~[?:1.8.0_251]
	at java.awt.Container.dispatchEventImpl(Container.java:2297) ~[?:1.8.0_251]
	at java.awt.Component.dispatchEvent(Component.java:4711) ~[?:1.8.0_251]
	at java.awt.LightweightDispatcher.retargetMouseEvent(Container.java:4904) ~[?:1.8.0_251]
	at java.awt.LightweightDispatcher.processMouseEvent(Container.java:4535) ~[?:1.8.0_251]
	at java.awt.LightweightDispatcher.dispatchEvent(Container.java:4476) ~[?:1.8.0_251]
	at java.awt.Container.dispatchEventImpl(Container.java:2283) ~[?:1.8.0_251]
	at java.awt.Window.dispatchEventImpl(Window.java:2746) ~[?:1.8.0_251]
	at java.awt.Component.dispatchEvent(Component.java:4711) ~[?:1.8.0_251]
	at java.awt.EventQueue.dispatchEventImpl(EventQueue.java:760) ~[?:1.8.0_251]
	at java.awt.EventQueue.access$500(EventQueue.java:97) ~[?:1.8.0_251]
	at java.awt.EventQueue$3.run(EventQueue.java:709) ~[?:1.8.0_251]
	at java.awt.EventQueue$3.run(EventQueue.java:703) ~[?:1.8.0_251]
	at java.security.AccessController.doPrivileged(Native Method) ~[?:1.8.0_251]
	at java.security.ProtectionDomain$JavaSecurityAccessImpl.doIntersectionPrivilege(ProtectionDomain.java:74) ~[?:1.8.0_251]
	at java.security.ProtectionDomain$JavaSecurityAccessImpl.doIntersectionPrivilege(ProtectionDomain.java:84) ~[?:1.8.0_251]
	at java.awt.EventQueue$4.run(EventQueue.java:733) ~[?:1.8.0_251]
	at java.awt.EventQueue$4.run(EventQueue.java:731) ~[?:1.8.0_251]
	at java.security.AccessController.doPrivileged(Native Method) ~[?:1.8.0_251]
	at java.security.ProtectionDomain$JavaSecurityAccessImpl.doIntersectionPrivilege(ProtectionDomain.java:74) ~[?:1.8.0_251]
	at java.awt.EventQueue.dispatchEvent(EventQueue.java:730) ~[?:1.8.0_251]
	at java.awt.EventDispatchThread.pumpOneEventForFilters(EventDispatchThread.java:205) ~[?:1.8.0_251]
	at java.awt.EventDispatchThread.pumpEventsForFilter(EventDispatchThread.java:116) ~[?:1.8.0_251]
	at java.awt.EventDispatchThread.pumpEventsForHierarchy(EventDispatchThread.java:105) ~[?:1.8.0_251]
	at java.awt.EventDispatchThread.pumpEvents(EventDispatchThread.java:101) ~[?:1.8.0_251]
	at java.awt.EventDispatchThread.pumpEvents(EventDispatchThread.java:93) ~[?:1.8.0_251]
	at java.awt.EventDispatchThread.run(EventDispatchThread.java:82) ~[?:1.8.0_251]
2023-01-22 16:00:50.176 INFO Logger setup in Server Handler
2023-01-22 16:00:50.179 INFO Attempting Socket Connection to Host 108.31.172.56 using IP /108.31.172.56 Port 52000
2023-01-22 16:00:50.193 INFO Socket Connection Established
2023-01-22 16:00:50.194 INFO Attempting to setup Buffered Reader
2023-01-22 16:00:50.196 INFO Successful Buffered Reader
2023-01-22 16:00:50.196 INFO Attempting to setup Print Writer
2023-01-22 16:00:50.198 INFO Successful Print Writer
2023-01-22 16:02:34.111 INFO Logger setup in Server Handler
2023-01-22 16:02:34.115 INFO Attempting Socket Connection to Host 108.31.172.56 using IP /108.31.172.56 Port 52000
2023-01-22 16:02:34.127 INFO Socket Connection Established
2023-01-22 16:02:34.128 INFO Attempting to setup Buffered Reader
2023-01-22 16:02:34.130 INFO Successful Buffered Reader
2023-01-22 16:02:34.130 INFO Attempting to setup Print Writer
2023-01-22 16:02:34.131 INFO Successful Print Writer
2023-01-22 16:03:18.028 INFO Logger setup in Server Handler
2023-01-22 16:03:18.032 INFO Attempting Socket Connection to Host 108.31.172.56 using IP /108.31.172.56 Port 52000
2023-01-22 16:03:18.046 INFO Socket Connection Established
2023-01-22 16:03:18.047 INFO Attempting to setup Buffered Reader
2023-01-22 16:03:18.048 INFO Successful Buffered Reader
2023-01-22 16:03:18.048 INFO Attempting to setup Print Writer
2023-01-22 16:03:18.050 INFO Successful Print Writer
2023-01-22 16:12:43.553 INFO Logger setup in Server Handler
2023-01-22 16:12:43.556 INFO Attempting Socket Connection to Host 108.31.172.56 using IP /108.31.172.56 Port 52000
2023-01-22 16:12:43.569 INFO Socket Connection Established
2023-01-22 16:12:43.570 INFO Attempting to setup Buffered Reader
2023-01-22 16:12:43.572 INFO Successful Buffered Reader
2023-01-22 16:12:43.572 INFO Attempting to setup Print Writer
2023-01-22 16:12:43.573 INFO Successful Print Writer
2023-01-22 16:13:09.010 INFO Logger setup in Server Handler
2023-01-22 16:13:09.034 INFO Attempting Socket Connection to Host 108.31.172.56 using IP /108.31.172.56 Port 52000
2023-01-22 16:13:09.048 INFO Socket Connection Established
2023-01-22 16:13:09.049 INFO Attempting to setup Buffered Reader
2023-01-22 16:13:09.050 INFO Successful Buffered Reader
2023-01-22 16:13:09.050 INFO Attempting to setup Print Writer
2023-01-22 16:13:09.052 INFO Successful Print Writer
2023-01-22 16:28:33.338 INFO Logger setup in Server Handler
2023-01-22 16:28:33.346 INFO Attempting Socket Connection to Host 108.31.172.56 using IP /108.31.172.56 Port 52000
2023-01-22 16:28:33.359 INFO Socket Connection Established
2023-01-22 16:28:33.360 INFO Attempting to setup Buffered Reader
2023-01-22 16:28:33.362 INFO Successful Buffered Reader
2023-01-22 16:28:33.362 INFO Attempting to setup Print Writer
2023-01-22 16:28:33.364 INFO Successful Print Writer
2023-01-22 16:28:49.204 INFO Logger setup in Server Handler
2023-01-22 16:28:49.207 INFO Attempting Socket Connection to Host 108.31.172.56 using IP /108.31.172.56 Port 52000
2023-01-22 16:28:49.221 INFO Socket Connection Established
2023-01-22 16:28:49.222 INFO Attempting to setup Buffered Reader
2023-01-22 16:28:49.224 INFO Successful Buffered Reader
2023-01-22 16:28:49.224 INFO Attempting to setup Print Writer
2023-01-22 16:28:49.225 INFO Successful Print Writer
2023-01-27 14:54:08.135 INFO Logger setup in Server Handler
2023-01-27 14:54:08.184 INFO Attempting Socket Connection to Host 108.31.172.56 using IP /108.31.172.56 Port 52000
2023-01-27 14:54:08.207 INFO Socket Connection Established
2023-01-27 14:54:08.208 INFO Attempting to setup Buffered Reader
2023-01-27 14:54:08.212 INFO Successful Buffered Reader
2023-01-27 14:54:08.212 INFO Attempting to setup Print Writer
2023-01-27 14:54:08.214 INFO Successful Print Writer
2023-01-27 14:54:26.644 INFO Logger setup in Server Handler
2023-01-27 14:54:26.648 INFO Attempting Socket Connection to Host 108.31.172.56 using IP /108.31.172.56 Port 52000
2023-01-27 14:54:26.662 INFO Socket Connection Established
2023-01-27 14:54:26.663 INFO Attempting to setup Buffered Reader
2023-01-27 14:54:26.665 INFO Successful Buffered Reader
2023-01-27 14:54:26.665 INFO Attempting to setup Print Writer
2023-01-27 14:54:26.666 INFO Successful Print Writer
2023-01-27 14:54:59.623 INFO Logger setup in Server Handler
2023-01-27 14:54:59.648 INFO Attempting Socket Connection to Host 108.31.172.56 using IP /108.31.172.56 Port 52000
2023-01-27 14:54:59.662 INFO Socket Connection Established
2023-01-27 14:54:59.663 INFO Attempting to setup Buffered Reader
2023-01-27 14:54:59.665 INFO Successful Buffered Reader
2023-01-27 14:54:59.665 INFO Attempting to setup Print Writer
2023-01-27 14:54:59.666 INFO Successful Print Writer
2023-01-27 14:55:14.592 INFO Logger setup in Server Handler
2023-01-27 14:55:14.597 INFO Attempting Socket Connection to Host 108.31.172.56 using IP /108.31.172.56 Port 52000
2023-01-27 14:55:14.612 INFO Socket Connection Established
2023-01-27 14:55:14.613 INFO Attempting to setup Buffered Reader
2023-01-27 14:55:14.614 INFO Successful Buffered Reader
2023-01-27 14:55:14.615 INFO Attempting to setup Print Writer
2023-01-27 14:55:14.616 INFO Successful Print Writer
2023-01-27 15:04:59.802 INFO Logger setup in Server Handler
2023-01-27 15:04:59.805 INFO Attempting Socket Connection to Host 108.31.172.56 using IP /108.31.172.56 Port 52000
2023-01-27 15:04:59.818 INFO Socket Connection Established
2023-01-27 15:04:59.819 INFO Attempting to setup Buffered Reader
2023-01-27 15:04:59.821 INFO Successful Buffered Reader
2023-01-27 15:04:59.821 INFO Attempting to setup Print Writer
2023-01-27 15:04:59.822 INFO Successful Print Writer
2023-01-27 15:05:16.252 INFO Logger setup in Server Handler
2023-01-27 15:05:16.255 INFO Attempting Socket Connection to Host 108.31.172.56 using IP /108.31.172.56 Port 52000
2023-01-27 15:05:16.269 INFO Socket Connection Established
2023-01-27 15:05:16.270 INFO Attempting to setup Buffered Reader
2023-01-27 15:05:16.272 INFO Successful Buffered Reader
2023-01-27 15:05:16.272 INFO Attempting to setup Print Writer
2023-01-27 15:05:16.273 INFO Successful Print Writer
2023-01-27 15:05:31.905 INFO Logger setup in Server Handler
2023-01-27 15:05:31.908 INFO Attempting Socket Connection to Host 108.31.172.56 using IP /108.31.172.56 Port 52000
2023-01-27 15:05:31.921 INFO Socket Connection Established
2023-01-27 15:05:31.922 INFO Attempting to setup Buffered Reader
2023-01-27 15:05:31.924 INFO Successful Buffered Reader
2023-01-27 15:05:31.924 INFO Attempting to setup Print Writer
2023-01-27 15:05:31.925 INFO Successful Print Writer
2023-01-27 15:05:53.043 INFO Logger setup in Server Handler
2023-01-27 15:05:53.052 INFO Attempting Socket Connection to Host 108.31.172.56 using IP /108.31.172.56 Port 52000
2023-01-27 15:05:53.065 INFO Socket Connection Established
2023-01-27 15:05:53.066 INFO Attempting to setup Buffered Reader
2023-01-27 15:05:53.068 INFO Successful Buffered Reader
2023-01-27 15:05:53.068 INFO Attempting to setup Print Writer
2023-01-27 15:05:53.069 INFO Successful Print Writer
